{
  "stats": {
    "suites": 1,
    "tests": 3,
    "passes": 1,
    "pending": 0,
    "failures": 2,
    "start": "2023-08-29T18:22:22.721Z",
    "end": "2023-08-29T18:22:55.739Z",
    "duration": 33018,
    "testsRegistered": 3,
    "passPercent": 33.33333333333333,
    "pendingPercent": 0,
    "other": 0,
    "hasOther": false,
    "skipped": 0,
    "hasSkipped": false
  },
  "results": [
    {
      "uuid": "83b29c13-dd22-4014-979c-84ca6faf5407",
      "title": "",
      "fullFile": "cypress\\e2e\\UI\\Registration\\ValidateUserRegistration.cy.js",
      "file": "cypress\\e2e\\UI\\Registration\\ValidateUserRegistration.cy.js",
      "beforeHooks": [],
      "afterHooks": [],
      "tests": [],
      "suites": [
        {
          "uuid": "c334cac9-c8e6-43b6-8f92-f691ac3f89fe",
          "title": "User Registration",
          "fullFile": "",
          "file": "",
          "beforeHooks": [],
          "afterHooks": [],
          "tests": [
            {
              "title": "TC01_Registration with blank information",
              "fullTitle": "User Registration TC01_Registration with blank information",
              "timedOut": null,
              "duration": 8908,
              "state": "failed",
              "speed": null,
              "pass": false,
              "fail": true,
              "pending": false,
              "context": null,
              "code": "cy.get(_registrationPageSelectors.default.clickRegister).click();\ncy.get(_registrationPageSelectors.default.firstNameError).should('have.text', 'First name is required.');\ncy.get(_registrationPageSelectors.default.lastNameError).should('have.text', 'Last name is required.');\ncy.get(_registrationPageSelectors.default.emailError).should('have.text', 'Email is required.');\ncy.get(_registrationPageSelectors.default.passwordError).should('have.text', 'Password is required.');\ncy.get(_registrationPageSelectors.default.confirmPwdError).should('have.text', 'Password is required.');",
              "err": {
                "message": "AssertionError: Timed out retrying after 4000ms: expected '<span#Email-error>' to have text 'First name is required.', but the text was 'Email is required.'",
                "estack": "AssertionError: Timed out retrying after 4000ms: expected '<span#Email-error>' to have text 'First name is required.', but the text was 'Email is required.'\n    at Context.eval (webpack://cypress_e2e_framework/./cypress/e2e/UI/Registration/ValidateUserRegistration.cy.js:12:43)",
                "diff": "- 'Email is required.'\n+ 'First name is required.'\n"
              },
              "uuid": "51ce82f7-38c2-4447-8c19-2bd477c3a81f",
              "parentUUID": "c334cac9-c8e6-43b6-8f92-f691ac3f89fe",
              "isHook": false,
              "skipped": false
            },
            {
              "title": "TC02_Registration with registered Email",
              "fullTitle": "User Registration TC02_Registration with registered Email",
              "timedOut": null,
              "duration": 13475,
              "state": "failed",
              "speed": null,
              "pass": false,
              "fail": true,
              "pending": false,
              "context": null,
              "code": "cy.get('@registrationData').then(data => {\n  const user = data.existingEmail;\n  cy.fillRegistrationForm(user.gender, user.firstName, user.lastName, user.email, user.password, user.date, user.month, user.year);\n  cy.get(_registrationPageSelectors.default.clickRegister).click();\n  cy.get(_registrationPageSelectors.default.errorMessage).contains(\"The specified email already exists\");\n});",
              "err": {
                "message": "AssertionError: Timed out retrying after 4000ms: Expected to find element: `.message-error > ul > li`, but never found it.",
                "estack": "AssertionError: Timed out retrying after 4000ms: Expected to find element: `.message-error > ul > li`, but never found it.\n    at Context.eval (webpack://cypress_e2e_framework/./cypress/e2e/UI/Registration/ValidateUserRegistration.cy.js:25:15)",
                "diff": null
              },
              "uuid": "06bdeca7-e7e7-42b0-bea2-fced50822970",
              "parentUUID": "c334cac9-c8e6-43b6-8f92-f691ac3f89fe",
              "isHook": false,
              "skipped": false
            },
            {
              "title": "TC03_Validate Registration",
              "fullTitle": "User Registration TC03_Validate Registration",
              "timedOut": null,
              "duration": 10086,
              "state": "passed",
              "speed": "slow",
              "pass": true,
              "fail": false,
              "pending": false,
              "context": null,
              "code": "cy.get('@registrationData').then(data => {\n  const user = data.validUser;\n  cy.fillRegistrationForm(user.gender, user.firstName, user.lastName, user.email, user.password, user.date, user.month, user.year);\n  cy.get(_registrationPageSelectors.default.clickRegister).click();\n  cy.get(_registrationPageSelectors.default.regSuccessMsg).should('have.text', 'Your registration completed');\n});",
              "err": {},
              "uuid": "fd451980-02cb-4a45-a51e-9d3ddbdb598b",
              "parentUUID": "c334cac9-c8e6-43b6-8f92-f691ac3f89fe",
              "isHook": false,
              "skipped": false
            }
          ],
          "suites": [],
          "passes": [
            "fd451980-02cb-4a45-a51e-9d3ddbdb598b"
          ],
          "failures": [
            "51ce82f7-38c2-4447-8c19-2bd477c3a81f",
            "06bdeca7-e7e7-42b0-bea2-fced50822970"
          ],
          "pending": [],
          "skipped": [],
          "duration": 32469,
          "root": false,
          "rootEmpty": false,
          "_timeout": 2000
        }
      ],
      "passes": [],
      "failures": [],
      "pending": [],
      "skipped": [],
      "duration": 0,
      "root": true,
      "rootEmpty": true,
      "_timeout": 2000
    }
  ],
  "meta": {
    "mocha": {
      "version": "7.0.1"
    },
    "mochawesome": {
      "options": {
        "quiet": false,
        "reportFilename": "mochawesome",
        "saveHtml": false,
        "saveJson": true,
        "consoleReporter": "spec",
        "useInlineDiffs": false,
        "code": true
      },
      "version": "7.1.3"
    },
    "marge": {
      "options": {
        "id": "default",
        "reportDir": "cypress/reports/mocha",
        "quite": true,
        "overwrite": false,
        "html": false,
        "json": true
      },
      "version": "6.2.0"
    }
  }
}