{
  "stats": {
    "suites": 1,
    "tests": 4,
    "passes": 1,
    "pending": 2,
    "failures": 1,
    "testsRegistered": 4,
    "passPercent": 25,
    "pendingPercent": 50,
    "other": 0,
    "hasOther": false,
    "skipped": 0,
    "hasSkipped": false,
    "start": "2023-08-30T10:20:38.957Z",
    "end": "2023-08-30T10:20:50.139Z",
    "duration": 11182
  },
  "results": [
    {
      "uuid": "f118ce06-ee2c-4957-9b71-88b782028400",
      "title": "",
      "fullFile": "cypress\\e2e\\UI\\Login\\ValidateLogin.cy.js",
      "file": "cypress\\e2e\\UI\\Login\\ValidateLogin.cy.js",
      "beforeHooks": [],
      "afterHooks": [],
      "tests": [],
      "suites": [
        {
          "uuid": "0d981054-ab55-44e4-9e9f-b2fd908af19f",
          "title": "Login Tests",
          "fullFile": "",
          "file": "",
          "beforeHooks": [],
          "afterHooks": [],
          "tests": [
            {
              "title": "TC01_Validate-User Login With Blank Details  {smoke}",
              "fullTitle": "Login Tests TC01_Validate-User Login With Blank Details  {smoke}",
              "timedOut": null,
              "duration": 3618,
              "state": "passed",
              "speed": "fast",
              "pass": true,
              "fail": false,
              "pending": false,
              "context": null,
              "code": "// tag: smoke\ncy.get(_loginPageSelectors.default.clickLogin).click();\ncy.get(_loginPageSelectors.default.emailError).should('have.text', 'Please enter your email');",
              "err": {},
              "uuid": "e5cafa5b-d4c0-4744-be2d-45b64d11c3eb",
              "parentUUID": "0d981054-ab55-44e4-9e9f-b2fd908af19f",
              "isHook": false,
              "skipped": false
            },
            {
              "title": "TC02_Validate-User Login With Unregistered Email",
              "fullTitle": "Login Tests TC02_Validate-User Login With Unregistered Email",
              "timedOut": null,
              "duration": 0,
              "state": "pending",
              "speed": null,
              "pass": false,
              "fail": false,
              "pending": true,
              "context": null,
              "code": "cy.get('@loginData').then(data => {\n  const user = data.unregisteredEmail;\n  cy.doLogin(user.email, user.password);\n  cy.get(_loginPageSelectors.default.clickLogin).click();\n  cy.get(_loginPageSelectors.default.messageError).should('have.text', 'Login was unsuccessful. Please correct the errors and try again.No customer account found\\n');\n});",
              "err": {},
              "uuid": "c3c3c3e9-d7be-40e6-9bdc-717d20947ca0",
              "parentUUID": "0d981054-ab55-44e4-9e9f-b2fd908af19f",
              "isHook": false,
              "skipped": false
            },
            {
              "title": "TC03_Validate-User Login With Wrong Password {smoke}",
              "fullTitle": "Login Tests TC03_Validate-User Login With Wrong Password {smoke}",
              "timedOut": null,
              "duration": 7327,
              "state": "failed",
              "speed": null,
              "pass": false,
              "fail": true,
              "pending": false,
              "context": null,
              "code": "cy.get('@loginData').then(data => {\n  const user = data.wrongPass;\n  cy.doLogin(user.email, user.password);\n  cy.get(_loginPageSelectors.default.clickLogin).click();\n  cy.get(_loginPageSelectors.default.messageError).should('have.text', 'Login was unsuccessful. Please correct the errors and try again.The credentials provided are incorrect\\n');\n});",
              "err": {
                "message": "AssertionError: Timed out retrying after 4000ms: expected '<div.message-error.validation-summary-errors>' to have text 'Login was unsuccessful. Please correct the errors and try again.The credentials provided are incorrect\\n', but the text was 'Login was unsuccessful. Please correct the errors and try again.No customer account found\\n'",
                "estack": "AssertionError: Timed out retrying after 4000ms: expected '<div.message-error.validation-summary-errors>' to have text 'Login was unsuccessful. Please correct the errors and try again.The credentials provided are incorrect\\n', but the text was 'Login was unsuccessful. Please correct the errors and try again.No customer account found\\n'\n    at Context.eval (webpack://cypress_e2e_framework/./cypress/e2e/UI/Login/ValidateLogin.cy.js:34:47)",
                "diff": "- 'Login was unsuccessful. Please correct the errors and try again.No customer account found\\n'\n+ 'Login was unsuccessful. Please correct the errors and try again.The credentials provided are incorrect\\n'\n"
              },
              "uuid": "ec1821e9-b6c3-4cb4-8d3c-98e4411cf423",
              "parentUUID": "0d981054-ab55-44e4-9e9f-b2fd908af19f",
              "isHook": false,
              "skipped": false
            },
            {
              "title": "TC04_Verify-User Login",
              "fullTitle": "Login Tests TC04_Verify-User Login",
              "timedOut": null,
              "duration": 0,
              "state": "pending",
              "speed": null,
              "pass": false,
              "fail": false,
              "pending": true,
              "context": null,
              "code": "cy.get('@loginData').then(data => {\n  const user = data.validCred;\n  cy.get('h1').should('have.text', 'Welcome, Please Sign In!');\n  cy.doLogin(user.email, user.password);\n  cy.get(_loginPageSelectors.default.clickLogin).click();\n  cy.get(_dashboardPageSelector.default.logoutBtn).should('have.text', 'Log out');\n  cy.get(_dashboardPageSelector.default.verifyTitle).should('have.text', 'Welcome to our store');\n});",
              "err": {},
              "uuid": "e33d7d7d-9351-438f-8e40-0b91f83330a4",
              "parentUUID": "0d981054-ab55-44e4-9e9f-b2fd908af19f",
              "isHook": false,
              "skipped": false
            }
          ],
          "suites": [],
          "passes": [
            "e5cafa5b-d4c0-4744-be2d-45b64d11c3eb"
          ],
          "failures": [
            "ec1821e9-b6c3-4cb4-8d3c-98e4411cf423"
          ],
          "pending": [
            "c3c3c3e9-d7be-40e6-9bdc-717d20947ca0",
            "e33d7d7d-9351-438f-8e40-0b91f83330a4"
          ],
          "skipped": [],
          "duration": 10945,
          "root": false,
          "rootEmpty": false,
          "_timeout": 2000
        }
      ],
      "passes": [],
      "failures": [],
      "pending": [],
      "skipped": [],
      "duration": 0,
      "root": true,
      "rootEmpty": true,
      "_timeout": 2000
    }
  ],
  "meta": {
    "mocha": {
      "version": "7.0.1"
    },
    "mochawesome": {
      "options": {
        "quiet": false,
        "reportFilename": "mochawesome",
        "saveHtml": false,
        "saveJson": true,
        "consoleReporter": "spec",
        "useInlineDiffs": false,
        "code": true
      },
      "version": "7.1.3"
    },
    "marge": {
      "options": {
        "id": "default",
        "reportDir": "cypress/reports/mocha",
        "quite": true,
        "overwrite": false,
        "html": false,
        "json": true
      },
      "version": "6.2.0"
    }
  }
}